<?xml version="1.0" encoding="UTF-8"?>
<coverage generated="1496786620891" clover="3.2.0">
  <project timestamp="1496786620891" name="All files">
    <metrics statements="88" coveredstatements="81" conditionals="34" coveredconditionals="28" methods="25" coveredmethods="24" elements="147" coveredelements="133" complexity="0" loc="88" ncloc="88" packages="1" files="2" classes="2">
      <file name="in-memory-storage.ts" path="C:\Users\vzwick\Desktop\SimpleStorage\src\in-memory-storage.ts">
        <metrics statements="13" coveredstatements="11" conditionals="4" coveredconditionals="4" methods="5" coveredmethods="4"/>
        <line num="1" count="1" type="stmt"/>
        <line num="2" count="1" type="stmt"/>
        <line num="3" count="1" type="stmt"/>
        <line num="4" count="1" type="stmt"/>
        <line num="6" count="10064" type="cond" truecount="2" falsecount="0"/>
        <line num="9" count="10025" type="stmt"/>
        <line num="12" count="8" type="cond" truecount="2" falsecount="0"/>
        <line num="13" count="1" type="stmt"/>
        <line num="15" count="7" type="stmt"/>
        <line num="18" count="2" type="stmt"/>
        <line num="21" count="0" type="stmt"/>
        <line num="24" count="0" type="stmt"/>
        <line num="27" count="1" type="stmt"/>
      </file>
      <file name="index.ts" path="C:\Users\vzwick\Desktop\SimpleStorage\src\index.ts">
        <metrics statements="75" coveredstatements="70" conditionals="30" coveredconditionals="24" methods="20" coveredmethods="20"/>
        <line num="1" count="1" type="stmt"/>
        <line num="2" count="1" type="stmt"/>
        <line num="3" count="1" type="stmt"/>
        <line num="5" count="18" type="stmt"/>
        <line num="6" count="18" type="stmt"/>
        <line num="7" count="1" type="stmt"/>
        <line num="8" count="1" type="stmt"/>
        <line num="11" count="17" type="stmt"/>
        <line num="14" count="1" type="stmt"/>
        <line num="16" count="18" type="cond" truecount="2" falsecount="0"/>
        <line num="20" count="18" type="stmt"/>
        <line num="21" count="18" type="stmt"/>
        <line num="22" count="20097" type="stmt"/>
        <line num="23" count="18" type="stmt"/>
        <line num="24" count="10064" type="stmt"/>
        <line num="25" count="10064" type="stmt"/>
        <line num="27" count="18" type="stmt"/>
        <line num="28" count="10025" type="stmt"/>
        <line num="29" count="10025" type="stmt"/>
        <line num="30" count="10025" type="stmt"/>
        <line num="31" count="10025" type="stmt"/>
        <line num="33" count="18" type="stmt"/>
        <line num="34" count="8" type="stmt"/>
        <line num="35" count="8" type="stmt"/>
        <line num="36" count="8" type="stmt"/>
        <line num="37" count="8" type="stmt"/>
        <line num="39" count="18" type="stmt"/>
        <line num="40" count="120036" type="cond" truecount="2" falsecount="0"/>
        <line num="41" count="120036" type="cond" truecount="2" falsecount="0"/>
        <line num="45" count="18" type="cond" truecount="2" falsecount="2"/>
        <line num="47" count="0" type="stmt"/>
        <line num="48" count="0" type="stmt"/>
        <line num="50" count="0" type="cond" truecount="0" falsecount="2"/>
        <line num="53" count="0" type="stmt"/>
        <line num="55" count="13" type="cond" truecount="1" falsecount="1"/>
        <line num="58" count="13" type="stmt"/>
        <line num="60" count="5" type="cond" truecount="1" falsecount="1"/>
        <line num="61" count="0" type="stmt"/>
        <line num="63" count="5" type="cond" truecount="2" falsecount="0"/>
        <line num="67" count="18" type="stmt"/>
        <line num="69" count="1" type="stmt"/>
        <line num="70" count="29" type="cond" truecount="2" falsecount="0"/>
        <line num="74" count="1" type="stmt"/>
        <line num="75" count="10024" type="stmt"/>
        <line num="76" count="10024" type="cond" truecount="2" falsecount="0"/>
        <line num="77" count="10021" type="stmt"/>
        <line num="78" count="10021" type="stmt"/>
        <line num="80" count="3" type="cond" truecount="2" falsecount="0"/>
        <line num="81" count="1" type="stmt"/>
        <line num="83" count="2" type="stmt"/>
        <line num="84" count="4" type="stmt"/>
        <line num="85" count="4" type="stmt"/>
        <line num="88" count="1" type="stmt"/>
        <line num="89" count="7" type="cond" truecount="2" falsecount="0"/>
        <line num="90" count="6" type="stmt"/>
        <line num="92" count="7" type="stmt"/>
        <line num="94" count="1" type="stmt"/>
        <line num="95" count="2" type="stmt"/>
        <line num="96" count="2" type="stmt"/>
        <line num="98" count="1" type="stmt"/>
        <line num="100" count="2" type="stmt"/>
        <line num="101" count="2" type="stmt"/>
        <line num="103" count="1" type="stmt"/>
        <line num="104" count="110002" type="stmt"/>
        <line num="106" count="110002" type="stmt"/>
        <line num="108" count="1" type="stmt"/>
        <line num="109" count="1" type="stmt"/>
        <line num="111" count="1" type="stmt"/>
        <line num="112" count="10034" type="stmt"/>
        <line num="113" count="10034" type="cond" truecount="2" falsecount="0"/>
        <line num="114" count="100300005" type="stmt"/>
        <line num="117" count="1" type="stmt"/>
        <line num="118" count="2" type="stmt"/>
        <line num="120" count="1" type="stmt"/>
        <line num="122" count="1" type="stmt"/>
      </file>
    </metrics>
  </project>
</coverage>
