{"C:\\Users\\vzwick\\Desktop\\SimpleStorage\\src\\in-memory-storage.ts": {"path":"C:\\Users\\vzwick\\Desktop\\SimpleStorage\\src\\in-memory-storage.ts","statementMap":{"0":{"start":{"line":1,"column":13},"end":{"line":1,"column":42}},"1":{"start":{"line":1,"column":42},"end":{"line":1,"column":55}},"2":{"start":{"line":2,"column":0},"end":{"line":2,"column":62}},"3":{"start":{"line":3,"column":20},"end":{"line":3,"column":22}},"4":{"start":{"line":4,"column":30},"end":{"line":26,"column":1}},"5":{"start":{"line":6,"column":8},"end":{"line":6,"column":42}},"6":{"start":{"line":9,"column":8},"end":{"line":9,"column":34}},"7":{"start":{"line":12,"column":8},"end":{"line":14,"column":9}},"8":{"start":{"line":13,"column":12},"end":{"line":13,"column":19}},"9":{"start":{"line":15,"column":8},"end":{"line":15,"column":34}},"10":{"start":{"line":18,"column":8},"end":{"line":18,"column":27}},"11":{"start":{"line":21,"column":8},"end":{"line":21,"column":64}},"12":{"start":{"line":24,"column":8},"end":{"line":24,"column":64}},"13":{"start":{"line":27,"column":0},"end":{"line":27,"column":42}}},"fnMap":{"0":{"name":"(anonymous_0)","decl":{"start":{"line":5,"column":13},"end":{"line":5,"column":14}},"loc":{"start":{"line":5,"column":28},"end":{"line":7,"column":5}},"line":5},"1":{"name":"(anonymous_1)","decl":{"start":{"line":8,"column":13},"end":{"line":8,"column":14}},"loc":{"start":{"line":8,"column":34},"end":{"line":10,"column":5}},"line":8},"2":{"name":"(anonymous_2)","decl":{"start":{"line":11,"column":16},"end":{"line":11,"column":17}},"loc":{"start":{"line":11,"column":31},"end":{"line":16,"column":5}},"line":11},"3":{"name":"(anonymous_3)","decl":{"start":{"line":17,"column":11},"end":{"line":17,"column":12}},"loc":{"start":{"line":17,"column":23},"end":{"line":19,"column":5}},"line":17},"4":{"name":"(anonymous_4)","decl":{"start":{"line":23,"column":9},"end":{"line":23,"column":10}},"loc":{"start":{"line":23,"column":26},"end":{"line":25,"column":5}},"line":23}},"branchMap":{"0":{"loc":{"start":{"line":6,"column":15},"end":{"line":6,"column":41}},"type":"binary-expr","locations":[{"start":{"line":6,"column":15},"end":{"line":6,"column":33}},{"start":{"line":6,"column":37},"end":{"line":6,"column":41}}],"line":6},"1":{"loc":{"start":{"line":12,"column":8},"end":{"line":14,"column":9}},"type":"if","locations":[{"start":{"line":12,"column":8},"end":{"line":14,"column":9}},{"start":{"line":12,"column":8},"end":{"line":14,"column":9}}],"line":12}},"s":{"0":1,"1":1,"2":1,"3":1,"4":1,"5":10064,"6":10025,"7":8,"8":1,"9":7,"10":2,"11":0,"12":0,"13":1},"f":{"0":10064,"1":10025,"2":8,"3":2,"4":0},"b":{"0":[10064,27],"1":[1,7]},"_coverageSchema":"332fd63041d2c1bcb487cc26dd0d5f7d97098a6c","hash":"e6f321c3a2d14f8d396af8984d2b862e8cfb3ca3"}
,"C:\\Users\\vzwick\\Desktop\\SimpleStorage\\src\\index.ts": {"path":"C:\\Users\\vzwick\\Desktop\\SimpleStorage\\src\\index.ts","statementMap":{"0":{"start":{"line":1,"column":13},"end":{"line":1,"column":42}},"1":{"start":{"line":1,"column":42},"end":{"line":1,"column":55}},"2":{"start":{"line":2,"column":0},"end":{"line":2,"column":62}},"3":{"start":{"line":3,"column":26},"end":{"line":3,"column":56}},"4":{"start":{"line":5,"column":4},"end":{"line":12,"column":5}},"5":{"start":{"line":6,"column":8},"end":{"line":6,"column":52}},"6":{"start":{"line":7,"column":8},"end":{"line":7,"column":47}},"7":{"start":{"line":8,"column":8},"end":{"line":8,"column":20}},"8":{"start":{"line":11,"column":8},"end":{"line":11,"column":21}},"9":{"start":{"line":14,"column":21},"end":{"line":121,"column":3}},"10":{"start":{"line":16,"column":8},"end":{"line":19,"column":12}},"11":{"start":{"line":16,"column":31},"end":{"line":19,"column":10}},"12":{"start":{"line":20,"column":20},"end":{"line":20,"column":24}},"13":{"start":{"line":21,"column":8},"end":{"line":21,"column":28}},"14":{"start":{"line":22,"column":8},"end":{"line":22,"column":88}},"15":{"start":{"line":22,"column":49},"end":{"line":22,"column":85}},"16":{"start":{"line":23,"column":8},"end":{"line":26,"column":10}},"17":{"start":{"line":24,"column":32},"end":{"line":24,"column":59}},"18":{"start":{"line":25,"column":12},"end":{"line":25,"column":69}},"19":{"start":{"line":27,"column":8},"end":{"line":32,"column":10}},"20":{"start":{"line":28,"column":30},"end":{"line":28,"column":50}},"21":{"start":{"line":29,"column":32},"end":{"line":29,"column":59}},"22":{"start":{"line":30,"column":12},"end":{"line":30,"column":72}},"23":{"start":{"line":31,"column":12},"end":{"line":31,"column":57}},"24":{"start":{"line":33,"column":8},"end":{"line":38,"column":10}},"25":{"start":{"line":34,"column":30},"end":{"line":34,"column":50}},"26":{"start":{"line":35,"column":32},"end":{"line":35,"column":59}},"27":{"start":{"line":36,"column":12},"end":{"line":36,"column":53}},"28":{"start":{"line":37,"column":12},"end":{"line":37,"column":57}},"29":{"start":{"line":39,"column":8},"end":{"line":44,"column":10}},"30":{"start":{"line":40,"column":12},"end":{"line":40,"column":64}},"31":{"start":{"line":40,"column":42},"end":{"line":40,"column":62}},"32":{"start":{"line":41,"column":12},"end":{"line":43,"column":39}},"33":{"start":{"line":45,"column":8},"end":{"line":66,"column":9}},"34":{"start":{"line":47,"column":16},"end":{"line":47,"column":60}},"35":{"start":{"line":48,"column":16},"end":{"line":48,"column":22}},"36":{"start":{"line":50,"column":16},"end":{"line":52,"column":50}},"37":{"start":{"line":53,"column":16},"end":{"line":53,"column":22}},"38":{"start":{"line":55,"column":16},"end":{"line":57,"column":50}},"39":{"start":{"line":58,"column":16},"end":{"line":58,"column":22}},"40":{"start":{"line":60,"column":16},"end":{"line":62,"column":17}},"41":{"start":{"line":61,"column":20},"end":{"line":61,"column":65}},"42":{"start":{"line":63,"column":16},"end":{"line":65,"column":50}},"43":{"start":{"line":67,"column":8},"end":{"line":67,"column":41}},"44":{"start":{"line":69,"column":4},"end":{"line":73,"column":6}},"45":{"start":{"line":70,"column":8},"end":{"line":72,"column":34}},"46":{"start":{"line":74,"column":4},"end":{"line":87,"column":6}},"47":{"start":{"line":75,"column":20},"end":{"line":75,"column":24}},"48":{"start":{"line":76,"column":8},"end":{"line":79,"column":9}},"49":{"start":{"line":77,"column":12},"end":{"line":77,"column":38}},"50":{"start":{"line":78,"column":12},"end":{"line":78,"column":19}},"51":{"start":{"line":80,"column":8},"end":{"line":82,"column":9}},"52":{"start":{"line":81,"column":12},"end":{"line":81,"column":67}},"53":{"start":{"line":83,"column":8},"end":{"line":86,"column":11}},"54":{"start":{"line":84,"column":20},"end":{"line":84,"column":27}},"55":{"start":{"line":84,"column":33},"end":{"line":84,"column":40}},"56":{"start":{"line":85,"column":12},"end":{"line":85,"column":34}},"57":{"start":{"line":88,"column":4},"end":{"line":93,"column":6}},"58":{"start":{"line":89,"column":8},"end":{"line":91,"column":9}},"59":{"start":{"line":90,"column":12},"end":{"line":90,"column":24}},"60":{"start":{"line":92,"column":8},"end":{"line":92,"column":39}},"61":{"start":{"line":94,"column":4},"end":{"line":102,"column":6}},"62":{"start":{"line":95,"column":20},"end":{"line":95,"column":24}},"63":{"start":{"line":96,"column":32},"end":{"line":99,"column":10}},"64":{"start":{"line":98,"column":12},"end":{"line":98,"column":57}},"65":{"start":{"line":100,"column":8},"end":{"line":100,"column":30}},"66":{"start":{"line":101,"column":8},"end":{"line":101,"column":103}},"67":{"start":{"line":101,"column":49},"end":{"line":101,"column":99}},"68":{"start":{"line":103,"column":4},"end":{"line":107,"column":6}},"69":{"start":{"line":104,"column":8},"end":{"line":105,"column":28}},"70":{"start":{"line":106,"column":8},"end":{"line":106,"column":20}},"71":{"start":{"line":108,"column":4},"end":{"line":110,"column":6}},"72":{"start":{"line":109,"column":8},"end":{"line":109,"column":38}},"73":{"start":{"line":111,"column":4},"end":{"line":116,"column":6}},"74":{"start":{"line":112,"column":23},"end":{"line":112,"column":44}},"75":{"start":{"line":113,"column":8},"end":{"line":115,"column":9}},"76":{"start":{"line":114,"column":12},"end":{"line":114,"column":89}},"77":{"start":{"line":114,"column":50},"end":{"line":114,"column":85}},"78":{"start":{"line":117,"column":4},"end":{"line":119,"column":6}},"79":{"start":{"line":118,"column":8},"end":{"line":118,"column":58}},"80":{"start":{"line":120,"column":4},"end":{"line":120,"column":25}},"81":{"start":{"line":122,"column":0},"end":{"line":122,"column":32}}},"fnMap":{"0":{"name":"isSupported","decl":{"start":{"line":4,"column":9},"end":{"line":4,"column":20}},"loc":{"start":{"line":4,"column":34},"end":{"line":13,"column":1}},"line":4},"1":{"name":"(anonymous_1)","decl":{"start":{"line":14,"column":21},"end":{"line":14,"column":22}},"loc":{"start":{"line":14,"column":33},"end":{"line":121,"column":1}},"line":14},"2":{"name":"SimpleStorage","decl":{"start":{"line":15,"column":13},"end":{"line":15,"column":26}},"loc":{"start":{"line":15,"column":33},"end":{"line":68,"column":5}},"line":15},"3":{"name":"(anonymous_3)","decl":{"start":{"line":22,"column":32},"end":{"line":22,"column":33}},"loc":{"start":{"line":22,"column":47},"end":{"line":22,"column":87}},"line":22},"4":{"name":"(anonymous_4)","decl":{"start":{"line":23,"column":25},"end":{"line":23,"column":26}},"loc":{"start":{"line":23,"column":40},"end":{"line":26,"column":9}},"line":23},"5":{"name":"(anonymous_5)","decl":{"start":{"line":27,"column":25},"end":{"line":27,"column":26}},"loc":{"start":{"line":27,"column":46},"end":{"line":32,"column":9}},"line":27},"6":{"name":"(anonymous_6)","decl":{"start":{"line":33,"column":28},"end":{"line":33,"column":29}},"loc":{"start":{"line":33,"column":43},"end":{"line":38,"column":9}},"line":33},"7":{"name":"(anonymous_7)","decl":{"start":{"line":39,"column":27},"end":{"line":39,"column":28}},"loc":{"start":{"line":39,"column":55},"end":{"line":44,"column":9}},"line":39},"8":{"name":"(anonymous_8)","decl":{"start":{"line":69,"column":34},"end":{"line":69,"column":35}},"loc":{"start":{"line":69,"column":49},"end":{"line":73,"column":5}},"line":69},"9":{"name":"(anonymous_9)","decl":{"start":{"line":74,"column":34},"end":{"line":74,"column":35}},"loc":{"start":{"line":74,"column":55},"end":{"line":87,"column":5}},"line":74},"10":{"name":"(anonymous_10)","decl":{"start":{"line":83,"column":20},"end":{"line":83,"column":21}},"loc":{"start":{"line":83,"column":36},"end":{"line":86,"column":9}},"line":83},"11":{"name":"(anonymous_11)","decl":{"start":{"line":88,"column":37},"end":{"line":88,"column":38}},"loc":{"start":{"line":88,"column":52},"end":{"line":93,"column":5}},"line":88},"12":{"name":"(anonymous_12)","decl":{"start":{"line":94,"column":36},"end":{"line":94,"column":37}},"loc":{"start":{"line":94,"column":48},"end":{"line":102,"column":5}},"line":94},"13":{"name":"(anonymous_13)","decl":{"start":{"line":97,"column":17},"end":{"line":97,"column":18}},"loc":{"start":{"line":97,"column":30},"end":{"line":99,"column":9}},"line":97},"14":{"name":"(anonymous_14)","decl":{"start":{"line":101,"column":34},"end":{"line":101,"column":35}},"loc":{"start":{"line":101,"column":47},"end":{"line":101,"column":101}},"line":101},"15":{"name":"(anonymous_15)","decl":{"start":{"line":103,"column":36},"end":{"line":103,"column":37}},"loc":{"start":{"line":103,"column":61},"end":{"line":107,"column":5}},"line":103},"16":{"name":"(anonymous_16)","decl":{"start":{"line":108,"column":45},"end":{"line":108,"column":46}},"loc":{"start":{"line":108,"column":57},"end":{"line":110,"column":5}},"line":108},"17":{"name":"(anonymous_17)","decl":{"start":{"line":111,"column":45},"end":{"line":111,"column":46}},"loc":{"start":{"line":111,"column":80},"end":{"line":116,"column":5}},"line":111},"18":{"name":"(anonymous_18)","decl":{"start":{"line":114,"column":29},"end":{"line":114,"column":30}},"loc":{"start":{"line":114,"column":48},"end":{"line":114,"column":87}},"line":114},"19":{"name":"(anonymous_19)","decl":{"start":{"line":117,"column":59},"end":{"line":117,"column":60}},"loc":{"start":{"line":117,"column":71},"end":{"line":119,"column":5}},"line":117}},"branchMap":{"0":{"loc":{"start":{"line":16,"column":8},"end":{"line":19,"column":12}},"type":"if","locations":[{"start":{"line":16,"column":8},"end":{"line":19,"column":12}},{"start":{"line":16,"column":8},"end":{"line":19,"column":12}}],"line":16},"1":{"loc":{"start":{"line":40,"column":12},"end":{"line":40,"column":64}},"type":"if","locations":[{"start":{"line":40,"column":12},"end":{"line":40,"column":64}},{"start":{"line":40,"column":12},"end":{"line":40,"column":64}}],"line":40},"2":{"loc":{"start":{"line":41,"column":19},"end":{"line":43,"column":38}},"type":"cond-expr","locations":[{"start":{"line":42,"column":18},"end":{"line":42,"column":69}},{"start":{"line":43,"column":18},"end":{"line":43,"column":38}}],"line":41},"3":{"loc":{"start":{"line":42,"column":18},"end":{"line":42,"column":69}},"type":"binary-expr","locations":[{"start":{"line":42,"column":18},"end":{"line":42,"column":38}},{"start":{"line":42,"column":43},"end":{"line":42,"column":68}}],"line":42},"4":{"loc":{"start":{"line":45,"column":8},"end":{"line":66,"column":9}},"type":"switch","locations":[{"start":{"line":46,"column":12},"end":{"line":48,"column":22}},{"start":{"line":49,"column":12},"end":{"line":53,"column":22}},{"start":{"line":54,"column":12},"end":{"line":58,"column":22}},{"start":{"line":59,"column":12},"end":{"line":65,"column":50}}],"line":45},"5":{"loc":{"start":{"line":50,"column":32},"end":{"line":52,"column":49}},"type":"cond-expr","locations":[{"start":{"line":51,"column":22},"end":{"line":51,"column":43}},{"start":{"line":52,"column":22},"end":{"line":52,"column":49}}],"line":50},"6":{"loc":{"start":{"line":55,"column":32},"end":{"line":57,"column":49}},"type":"cond-expr","locations":[{"start":{"line":56,"column":22},"end":{"line":56,"column":41}},{"start":{"line":57,"column":22},"end":{"line":57,"column":49}}],"line":55},"7":{"loc":{"start":{"line":60,"column":16},"end":{"line":62,"column":17}},"type":"if","locations":[{"start":{"line":60,"column":16},"end":{"line":62,"column":17}},{"start":{"line":60,"column":16},"end":{"line":62,"column":17}}],"line":60},"8":{"loc":{"start":{"line":63,"column":32},"end":{"line":65,"column":49}},"type":"cond-expr","locations":[{"start":{"line":64,"column":22},"end":{"line":64,"column":38}},{"start":{"line":65,"column":22},"end":{"line":65,"column":49}}],"line":63},"9":{"loc":{"start":{"line":70,"column":15},"end":{"line":72,"column":33}},"type":"cond-expr","locations":[{"start":{"line":71,"column":14},"end":{"line":71,"column":37}},{"start":{"line":72,"column":14},"end":{"line":72,"column":33}}],"line":70},"10":{"loc":{"start":{"line":76,"column":8},"end":{"line":79,"column":9}},"type":"if","locations":[{"start":{"line":76,"column":8},"end":{"line":79,"column":9}},{"start":{"line":76,"column":8},"end":{"line":79,"column":9}}],"line":76},"11":{"loc":{"start":{"line":80,"column":8},"end":{"line":82,"column":9}},"type":"if","locations":[{"start":{"line":80,"column":8},"end":{"line":82,"column":9}},{"start":{"line":80,"column":8},"end":{"line":82,"column":9}}],"line":80},"12":{"loc":{"start":{"line":89,"column":8},"end":{"line":91,"column":9}},"type":"if","locations":[{"start":{"line":89,"column":8},"end":{"line":91,"column":9}},{"start":{"line":89,"column":8},"end":{"line":91,"column":9}}],"line":89},"13":{"loc":{"start":{"line":113,"column":8},"end":{"line":115,"column":9}},"type":"if","locations":[{"start":{"line":113,"column":8},"end":{"line":115,"column":9}},{"start":{"line":113,"column":8},"end":{"line":115,"column":9}}],"line":113}},"s":{"0":1,"1":1,"2":1,"3":1,"4":18,"5":18,"6":1,"7":1,"8":17,"9":1,"10":18,"11":13,"12":18,"13":18,"14":18,"15":20097,"16":18,"17":10064,"18":10064,"19":18,"20":10025,"21":10025,"22":10025,"23":10025,"24":18,"25":8,"26":8,"27":8,"28":8,"29":18,"30":120036,"31":10034,"32":120036,"33":18,"34":0,"35":0,"36":0,"37":0,"38":13,"39":13,"40":5,"41":0,"42":5,"43":18,"44":1,"45":29,"46":1,"47":10024,"48":10024,"49":10021,"50":10021,"51":3,"52":1,"53":2,"54":4,"55":4,"56":4,"57":1,"58":7,"59":6,"60":7,"61":1,"62":2,"63":2,"64":1,"65":2,"66":2,"67":1,"68":1,"69":110002,"70":110002,"71":1,"72":1,"73":1,"74":10034,"75":10034,"76":10008,"77":100300005,"78":1,"79":2,"80":1,"81":1},"f":{"0":18,"1":1,"2":18,"3":20097,"4":10064,"5":10025,"6":8,"7":120036,"8":29,"9":10024,"10":4,"11":7,"12":2,"13":1,"14":1,"15":110002,"16":1,"17":10034,"18":100300005,"19":2},"b":{"0":[13,5],"1":[10034,110002],"2":[110002,10034],"3":[110002,4],"4":[0,0,13,5],"5":[0,0],"6":[0,13],"7":[0,5],"8":[1,4],"9":[1,28],"10":[10021,3],"11":[1,2],"12":[6,1],"13":[10008,26]},"_coverageSchema":"332fd63041d2c1bcb487cc26dd0d5f7d97098a6c","hash":"4c18a05d7fdd0278f8deac74861721d6dfc7e668"}
}
