TN:
SF:C:\Users\vzwick\Desktop\SimpleStorage\src\in-memory-storage.ts
FN:5,(anonymous_0)
FN:8,(anonymous_1)
FN:11,(anonymous_2)
FN:17,(anonymous_3)
FN:23,(anonymous_4)
FNF:5
FNH:4
FNDA:10064,(anonymous_0)
FNDA:10025,(anonymous_1)
FNDA:8,(anonymous_2)
FNDA:2,(anonymous_3)
FNDA:0,(anonymous_4)
DA:1,1
DA:2,1
DA:3,1
DA:4,1
DA:6,10064
DA:9,10025
DA:12,8
DA:13,1
DA:15,7
DA:18,2
DA:21,0
DA:24,0
DA:27,1
LF:13
LH:11
BRDA:6,0,0,10064
BRDA:6,0,1,27
BRDA:12,1,0,1
BRDA:12,1,1,7
BRF:4
BRH:4
end_of_record
TN:
SF:C:\Users\vzwick\Desktop\SimpleStorage\src\index.ts
FN:4,isSupported
FN:14,(anonymous_1)
FN:15,SimpleStorage
FN:22,(anonymous_3)
FN:23,(anonymous_4)
FN:27,(anonymous_5)
FN:33,(anonymous_6)
FN:39,(anonymous_7)
FN:69,(anonymous_8)
FN:74,(anonymous_9)
FN:83,(anonymous_10)
FN:88,(anonymous_11)
FN:94,(anonymous_12)
FN:97,(anonymous_13)
FN:101,(anonymous_14)
FN:103,(anonymous_15)
FN:108,(anonymous_16)
FN:111,(anonymous_17)
FN:114,(anonymous_18)
FN:117,(anonymous_19)
FNF:20
FNH:20
FNDA:18,isSupported
FNDA:1,(anonymous_1)
FNDA:18,SimpleStorage
FNDA:20097,(anonymous_3)
FNDA:10064,(anonymous_4)
FNDA:10025,(anonymous_5)
FNDA:8,(anonymous_6)
FNDA:120036,(anonymous_7)
FNDA:29,(anonymous_8)
FNDA:10024,(anonymous_9)
FNDA:4,(anonymous_10)
FNDA:7,(anonymous_11)
FNDA:2,(anonymous_12)
FNDA:1,(anonymous_13)
FNDA:1,(anonymous_14)
FNDA:110002,(anonymous_15)
FNDA:1,(anonymous_16)
FNDA:10034,(anonymous_17)
FNDA:100300005,(anonymous_18)
FNDA:2,(anonymous_19)
DA:1,1
DA:2,1
DA:3,1
DA:5,18
DA:6,18
DA:7,1
DA:8,1
DA:11,17
DA:14,1
DA:16,18
DA:20,18
DA:21,18
DA:22,20097
DA:23,18
DA:24,10064
DA:25,10064
DA:27,18
DA:28,10025
DA:29,10025
DA:30,10025
DA:31,10025
DA:33,18
DA:34,8
DA:35,8
DA:36,8
DA:37,8
DA:39,18
DA:40,120036
DA:41,120036
DA:45,18
DA:47,0
DA:48,0
DA:50,0
DA:53,0
DA:55,13
DA:58,13
DA:60,5
DA:61,0
DA:63,5
DA:67,18
DA:69,1
DA:70,29
DA:74,1
DA:75,10024
DA:76,10024
DA:77,10021
DA:78,10021
DA:80,3
DA:81,1
DA:83,2
DA:84,4
DA:85,4
DA:88,1
DA:89,7
DA:90,6
DA:92,7
DA:94,1
DA:95,2
DA:96,2
DA:98,1
DA:100,2
DA:101,2
DA:103,1
DA:104,110002
DA:106,110002
DA:108,1
DA:109,1
DA:111,1
DA:112,10034
DA:113,10034
DA:114,100300005
DA:117,1
DA:118,2
DA:120,1
DA:122,1
LF:75
LH:70
BRDA:16,0,0,13
BRDA:16,0,1,5
BRDA:40,1,0,10034
BRDA:40,1,1,110002
BRDA:41,2,0,110002
BRDA:41,2,1,10034
BRDA:42,3,0,110002
BRDA:42,3,1,4
BRDA:45,4,0,0
BRDA:45,4,1,0
BRDA:45,4,2,13
BRDA:45,4,3,5
BRDA:50,5,0,0
BRDA:50,5,1,0
BRDA:55,6,0,0
BRDA:55,6,1,13
BRDA:60,7,0,0
BRDA:60,7,1,5
BRDA:63,8,0,1
BRDA:63,8,1,4
BRDA:70,9,0,1
BRDA:70,9,1,28
BRDA:76,10,0,10021
BRDA:76,10,1,3
BRDA:80,11,0,1
BRDA:80,11,1,2
BRDA:89,12,0,6
BRDA:89,12,1,1
BRDA:113,13,0,10008
BRDA:113,13,1,26
BRF:30
BRH:24
end_of_record
